<?xml version="1.0" encoding="utf-8"?><testsuites><testsuite errors="0" failures="6" hostname="DESKTOP-52VNIJT" name="pytest" skipped="0" tests="347" time="2045.475" timestamp="2022-05-23T23:14:22.903625"><testcase classname="tests.integration.test_03_add_store.AddStoreAcceptanceTests" file="tests\integration\test_03_add_store.py" line="44" name="test_01_add_storage_root_directory" time="11.681" /><testcase classname="tests.integration.test_02_add_remote.AddRemoteAcceptanceTests" file="tests\integration\test_02_add_remote.py" line="26" name="test_01_add_remote_dataset" time="11.593" /><testcase classname="tests.integration.test_01_init.InitAcceptanceTests" file="tests\integration\test_01_init.py" line="19" name="test_01_init_root_directory" time="6.020" /><testcase classname="tests.integration.test_08_checkout_tag.CheckoutTagAcceptanceTests" file="tests\integration\test_08_checkout_tag.py" line="62" name="test_01_checkout_tag" time="98.664" /><testcase classname="tests.integration.test_07_push_files.PushFilesAcceptanceTests" file="tests\integration\test_07_push_files.py" line="44" name="test_01_push_files_to_dataset" time="62.233" /><testcase classname="tests.integration.test_09_status_command.StatusAcceptanceTests" file="tests\integration\test_09_status_command.py" line="42" name="test_01_status_after_put_on_new_file_in_dataset" time="30.775" /><testcase classname="tests.integration.test_11_list_tag.ListTagAcceptanceTests" file="tests\integration\test_11_list_tag.py" line="28" name="test_01_list_all_tag_dataset" time="68.370" /><testcase classname="tests.integration.test_04_init_entity.InitEntityAcceptanceTests" file="tests\integration\test_04_init_entity.py" line="42" name="test_01_initialize_dataset" time="25.088" /><testcase classname="tests.integration.test_12_reset_command.ResetAcceptanceTests" file="tests\integration\test_12_reset_command.py" line="37" name="test_01_soft_with_HEAD1" time="73.569" /><testcase classname="tests.integration.test_06_commit_files.CommitFilesAcceptanceTests" file="tests\integration\test_06_commit_files.py" line="28" name="test_01_commit_files_to_dataset" time="41.550" /><testcase classname="tests.integration.test_10_fetch_command.FetchAcceptanceTests" file="tests\integration\test_10_fetch_command.py" line="35" name="test_01_fetch_metadata_specific_tag" time="99.290" /><testcase classname="tests.integration.test_05_add_files.AddFilesAcceptanceTests" file="tests\integration\test_05_add_files.py" line="31" name="test_01_add_files_to_dataset" time="32.804" /><testcase classname="tests.integration.test_01_init.InitAcceptanceTests" file="tests\integration\test_01_init.py" line="28" name="test_02_init_subfoldery" time="11.337" /><testcase classname="tests.integration.test_02_add_remote.AddRemoteAcceptanceTests" file="tests\integration\test_02_add_remote.py" line="30" name="test_02_add_remote_labels" time="11.342" /><testcase classname="tests.integration.test_03_add_store.AddStoreAcceptanceTests" file="tests\integration\test_03_add_store.py" line="48" name="test_02_add_storage_twice" time="17.569" /><testcase classname="tests.integration.test_01_init.InitAcceptanceTests" file="tests\integration\test_01_init.py" line="34" name="test_03_init_already_initialized_repository" time="11.919" /><testcase classname="tests.integration.test_02_add_remote.AddRemoteAcceptanceTests" file="tests\integration\test_02_add_remote.py" line="34" name="test_03_add_remote_model" time="13.136" /><testcase classname="tests.integration.test_04_init_entity.InitEntityAcceptanceTests" file="tests\integration\test_04_init_entity.py" line="47" name="test_02_initialize_dataset_twice_entity" time="32.870" /><testcase classname="tests.integration.test_03_add_store.AddStoreAcceptanceTests" file="tests\integration\test_03_add_store.py" line="54" name="test_03_add_storage_subfolder" time="13.008" /><testcase classname="tests.integration.test_01_init.InitAcceptanceTests" file="tests\integration\test_01_init.py" line="39" name="test_04_init_without_writing_permission" time="6.819" /><testcase classname="tests.integration.test_09_status_command.StatusAcceptanceTests" file="tests\integration\test_09_status_command.py" line="53" name="test_02_status_after_add_command_in_dataset" time="41.829" /><testcase classname="tests.integration.test_05_add_files.AddFilesAcceptanceTests" file="tests\integration\test_05_add_files.py" line="36" name="test_02_add_files_to_model" time="34.591" /><testcase classname="tests.integration.test_02_add_remote.AddRemoteAcceptanceTests" file="tests\integration\test_02_add_remote.py" line="38" name="test_04_add_remote_subfolder" time="12.193" /><testcase classname="tests.integration.test_13_remote_fsck.RemoteFsckAcceptanceTests" file="tests\integration\test_13_remote_fsck.py" line="34" name="test_01_remote_fsck" time="94.593" /><testcase classname="tests.integration.test_03_add_store.AddStoreAcceptanceTests" file="tests\integration\test_03_add_store.py" line="66" name="test_05_del_storage" time="19.663" /><testcase classname="tests.integration.test_06_commit_files.CommitFilesAcceptanceTests" file="tests\integration\test_06_commit_files.py" line="32" name="test_02_commit_files_to_labels" time="43.159" /><testcase classname="tests.integration.test_02_add_remote.AddRemoteAcceptanceTests" file="tests\integration\test_02_add_remote.py" line="45" name="test_05_add_remote_uninitialized_directory" time="5.949" /><testcase classname="tests.integration.test_02_add_remote.AddRemoteAcceptanceTests" file="tests\integration\test_02_add_remote.py" line="50" name="test_06_change_remote_repository" time="20.301" /><testcase classname="tests.integration.test_04_init_entity.InitEntityAcceptanceTests" file="tests\integration\test_04_init_entity.py" line="54" name="test_03_initialize_dataset_from_subfolder" time="27.485" /><testcase classname="tests.integration.test_03_add_store.AddStoreAcceptanceTests" file="tests\integration\test_03_add_store.py" line="71" name="test_06_add_storage_type_s3h" time="12.545" /><testcase classname="tests.integration.test_07_push_files.PushFilesAcceptanceTests" file="tests\integration\test_07_push_files.py" line="48" name="test_02_push_files_to_labels" time="63.926" /><testcase classname="tests.integration.test_05_add_files.AddFilesAcceptanceTests" file="tests\integration\test_05_add_files.py" line="41" name="test_03_add_files_to_labels" time="34.415" /><testcase classname="tests.integration.test_11_list_tag.ListTagAcceptanceTests" file="tests\integration\test_11_list_tag.py" line="32" name="test_02_list_all_tag_labels" time="70.421" /><testcase classname="tests.integration.test_09_status_command.StatusAcceptanceTests" file="tests\integration\test_09_status_command.py" line="64" name="test_03_status_after_commit_command_in_dataset" time="57.932" /><testcase classname="tests.integration.test_03_add_store.AddStoreAcceptanceTests" file="tests\integration\test_03_add_store.py" line="79" name="test_07_add_storage_type_azure" time="12.014" /><testcase classname="tests.integration.test_12_reset_command.ResetAcceptanceTests" file="tests\integration\test_12_reset_command.py" line="51" name="test_02_mixed_with_HEAD1" time="74.497" /><testcase classname="tests.integration.test_14_fsck.FsckAcceptanceTests" file="tests\integration\test_14_fsck.py" line="27" name="test_01_fsck_dataset" time="46.716" /><testcase classname="tests.integration.test_06_commit_files.CommitFilesAcceptanceTests" file="tests\integration\test_06_commit_files.py" line="36" name="test_03_commit_files_to_model" time="42.470" /><testcase classname="tests.integration.test_03_add_store.AddStoreAcceptanceTests" file="tests\integration\test_03_add_store.py" line="87" name="test_08_add_storage_type_gdriveh" time="12.659" /><testcase classname="tests.integration.test_04_init_entity.InitEntityAcceptanceTests" file="tests\integration\test_04_init_entity.py" line="62" name="test_04_initialize_dataset_from_wrong_repository" time="29.147" /><testcase classname="tests.integration.test_03_add_store.AddStoreAcceptanceTests" file="tests\integration\test_03_add_store.py" line="108" name="test_09_add_storage_with_endpoint_url" time="12.520" /><testcase classname="tests.integration.test_08_checkout_tag.CheckoutTagAcceptanceTests" file="tests\integration\test_08_checkout_tag.py" line="83" name="test_02_checkout_with_group_sample" time="101.846" /><testcase classname="tests.integration.test_10_fetch_command.FetchAcceptanceTests" file="tests\integration\test_10_fetch_command.py" line="45" name="test_02_fetch_with_group_sample" time="101.184" /><testcase classname="tests.integration.test_05_add_files.AddFilesAcceptanceTests" file="tests\integration\test_05_add_files.py" line="46" name="test_04_add_files_with_bumpversion" time="35.494" /><testcase classname="tests.integration.test_03_add_store.AddStoreAcceptanceTests" file="tests\integration\test_03_add_store.py" line="122" name="test_10_add_storage_without_credentials" time="12.811" /><testcase classname="tests.integration.test_04_init_entity.InitEntityAcceptanceTests" file="tests\integration\test_04_init_entity.py" line="71" name="test_05_initialize_dataset_without_repository_and_storage" time="12.749" /><testcase classname="tests.integration.test_14_fsck.FsckAcceptanceTests" file="tests\integration\test_14_fsck.py" line="31" name="test_02_fsck_labels" time="48.128" /><testcase classname="tests.integration.test_03_add_store.AddStoreAcceptanceTests" file="tests\integration\test_03_add_store.py" line="134" name="test_11_add_storage_with_region" time="13.386" /><testcase classname="tests.integration.test_07_push_files.PushFilesAcceptanceTests" file="tests\integration\test_07_push_files.py" line="52" name="test_03_push_files_to_model" time="63.869" /><testcase classname="tests.integration.test_06_commit_files.CommitFilesAcceptanceTests" file="tests\integration\test_06_commit_files.py" line="40" name="test_04_commit_command_with_version" time="73.394" /><testcase classname="tests.integration.test_04_init_entity.InitEntityAcceptanceTests" file="tests\integration\test_04_init_entity.py" line="78" name="test_06_initialize_labels" time="27.176" /><testcase classname="tests.integration.test_09_status_command.StatusAcceptanceTests" file="tests\integration\test_09_status_command.py" line="78" name="test_04_status_after_checkout_in_dataset" time="107.611" /><testcase classname="tests.integration.test_13_remote_fsck.RemoteFsckAcceptanceTests" file="tests\integration\test_13_remote_fsck.py" line="53" name="test_02_remote_fsck_thorough" time="134.963" /><testcase classname="tests.integration.test_05_add_files.AddFilesAcceptanceTests" file="tests\integration\test_05_add_files.py" line="51" name="test_05_add_command_without_file_added" time="40.975" /><testcase classname="tests.integration.test_15_update.UpdateAcceptanceTests" file="tests\integration\test_15_update.py" line="38" name="test_01_update_dataset" time="71.271" /><testcase classname="tests.integration.test_11_list_tag.ListTagAcceptanceTests" file="tests\integration\test_11_list_tag.py" line="36" name="test_03_list_all_tag_model" time="70.746" /><testcase classname="tests.integration.test_12_reset_command.ResetAcceptanceTests" file="tests\integration\test_12_reset_command.py" line="66" name="test_03_hard_with_HEAD" time="83.660" /><testcase classname="tests.integration.test_04_init_entity.InitEntityAcceptanceTests" file="tests\integration\test_04_init_entity.py" line="83" name="test_07_initialize_model" time="27.177" /><testcase classname="tests.integration.test_14_fsck.FsckAcceptanceTests" file="tests\integration\test_14_fsck.py" line="35" name="test_03_fsck_model" time="49.323" /><testcase classname="tests.integration.test_05_add_files.AddFilesAcceptanceTests" file="tests\integration\test_05_add_files.py" line="68" name="test_06_add_command_with_corrupted_file_added" time="43.711" /><testcase classname="tests.integration.test_04_init_entity.InitEntityAcceptanceTests" file="tests\integration\test_04_init_entity.py" line="88" name="test_08_initialize_datasets_from_folder_with_blank_spaces_in_name" time="28.000" /><testcase classname="tests.integration.test_07_push_files.PushFilesAcceptanceTests" file="tests\integration\test_07_push_files.py" line="56" name="test_04_push_with_wrong_repository" time="50.504" /><testcase classname="tests.integration.test_10_fetch_command.FetchAcceptanceTests" file="tests\integration\test_10_fetch_command.py" line="55" name="test_03_group_sample_with_amount_parameter_greater_than_frequency" time="78.371" /><testcase classname="tests.integration.test_08_checkout_tag.CheckoutTagAcceptanceTests" file="tests\integration\test_08_checkout_tag.py" line="92" name="test_03_group_sample_with_amount_parameter_greater_than_group_size" time="77.969" /><testcase classname="tests.integration.test_06_commit_files.CommitFilesAcceptanceTests" file="tests\integration\test_06_commit_files.py" line="69" name="test_05_commit_command_with_deprecated_version_number" time="40.966" /><testcase classname="tests.integration.test_15_update.UpdateAcceptanceTests" file="tests\integration\test_15_update.py" line="43" name="test_02_update_model" time="70.953" /><testcase classname="tests.integration.test_11_list_tag.ListTagAcceptanceTests" file="tests\integration\test_11_list_tag.py" line="40" name="test_04_list_tags_without_similar_tags" time="120.291" /><testcase classname="tests.integration.test_04_init_entity.InitEntityAcceptanceTests" file="tests\integration\test_04_init_entity.py" line="96" name="test_09_initialize_labels_from_folder_with_blank_spaces_in_name" time="26.821" /><testcase classname="tests.integration.test_14_fsck.FsckAcceptanceTests" file="tests\integration\test_14_fsck.py" line="39" name="test_04_fsck_with_full_option" time="48.254" /><testcase classname="tests.integration.test_05_add_files.AddFilesAcceptanceTests" file="tests\integration\test_05_add_files.py" line="83" name="test_07_add_command_with_multiple_files" time="50.300" /><testcase classname="tests.integration.test_12_reset_command.ResetAcceptanceTests" file="tests\integration\test_12_reset_command.py" line="80" name="test_04_hard_with_HEAD1" time="76.224" /><testcase classname="tests.integration.test_04_init_entity.InitEntityAcceptanceTests" file="tests\integration\test_04_init_entity.py" line="104" name="test_10_initialize_models_from_folder_with_blank_spaces_in_name" time="25.967" /><testcase classname="tests.integration.test_09_status_command.StatusAcceptanceTests" file="tests\integration\test_09_status_command.py" line="85" name="test_05_status_after_delete_file" time="108.987" /><testcase classname="tests.integration.test_07_push_files.PushFilesAcceptanceTests" file="tests\integration\test_07_push_files.py" line="76" name="test_05_push_with_wrong_credentials_profile" time="52.182" /><testcase classname="tests.integration.test_06_commit_files.CommitFilesAcceptanceTests" file="tests\integration\test_06_commit_files.py" line="83" name="test_06_commit_with_large_version_number" time="46.860" /><testcase classname="tests.integration.test_17_list.ListAcceptanceTests" file="tests\integration\test_17_list.py" line="29" name="test_01_list_dataset" time="50.978" /><testcase classname="tests.integration.test_13_remote_fsck.RemoteFsckAcceptanceTests" file="tests\integration\test_13_remote_fsck.py" line="68" name="test_03_remote_fsck_paranoid" time="180.896" /><testcase classname="tests.integration.test_14_fsck.FsckAcceptanceTests" file="tests\integration\test_14_fsck.py" line="52" name="test_05_fsck_in_not_initialized_repository" time="8.285" /><testcase classname="tests.integration.test_05_add_files.AddFilesAcceptanceTests" file="tests\integration\test_05_add_files.py" line="110" name="test_08_add_command_with_metric_option" time="34.884" /><testcase classname="tests.integration.test_14_fsck.FsckAcceptanceTests" file="tests\integration\test_14_fsck.py" line="57" name="test_06_fsck_with_not_initialized_entity" time="14.613" /><testcase classname="tests.integration.test_08_checkout_tag.CheckoutTagAcceptanceTests" file="tests\integration\test_08_checkout_tag.py" line="100" name="test_04_group_sample_with_amount_parameter_equal_to_group_size" time="77.694" /><testcase classname="tests.integration.test_10_fetch_command.FetchAcceptanceTests" file="tests\integration\test_10_fetch_command.py" line="62" name="test_04_group_sample_with_seed_parameter_negative" time="78.410" /><testcase classname="tests.integration.test_15_update.UpdateAcceptanceTests" file="tests\integration\test_15_update.py" line="48" name="test_03_update_labels" time="71.367" /><testcase classname="tests.integration.test_06_commit_files.CommitFilesAcceptanceTests" file="tests\integration\test_06_commit_files.py" line="94" name="test_07_commit_tag_that_already_exists" time="59.219" /><testcase classname="tests.integration.test_18_branch.BranchAcceptanceTests" file="tests\integration\test_18_branch.py" line="31" name="test_01_branch_dataset" time="49.241" /><testcase classname="tests.integration.test_07_push_files.PushFilesAcceptanceTests" file="tests\integration\test_07_push_files.py" line="90" name="test_06_push_with_environment_variables" time="67.624" /><testcase classname="tests.integration.test_05_add_files.AddFilesAcceptanceTests" file="tests\integration\test_05_add_files.py" line="137" name="test_09_add_command_with_metric_for_wrong_entity" time="33.375" /><testcase classname="tests.integration.test_12_reset_command.ResetAcceptanceTests" file="tests\integration\test_12_reset_command.py" line="92" name="test_05_hard_with_data_in_subpath" time="76.035" /><testcase classname="tests.integration.test_17_list.ListAcceptanceTests" file="tests\integration\test_17_list.py" line="33" name="test_02_list_without_any_entity" time="28.223" /><testcase classname="tests.integration.test_16_show.ShowAcceptanceTests" file="tests\integration\test_16_show.py" line="27" name="test_01_show_dataset" time="51.427" /><testcase classname="tests.integration.test_18_branch.BranchAcceptanceTests" file="tests\integration\test_18_branch.py" line="35" name="test_02_branch_labels" time="49.625" /><testcase classname="tests.integration.test_05_add_files.AddFilesAcceptanceTests" file="tests\integration\test_05_add_files.py" line="162" name="test_10_add_command_with_metric_file" time="34.829" /><testcase classname="tests.integration.test_17_list.ListAcceptanceTests" file="tests\integration\test_17_list.py" line="40" name="test_03_list_without_initialize" time="14.139" /><testcase classname="tests.integration.test_09_status_command.StatusAcceptanceTests" file="tests\integration\test_09_status_command.py" line="97" name="test_06_status_after_rename_file" time="108.356" /><testcase classname="tests.integration.test_06_commit_files.CommitFilesAcceptanceTests" file="tests\integration\test_06_commit_files.py" line="106" name="test_08_commit_entity_with_changed_dir" time="59.921" /><testcase classname="tests.integration.test_15_update.UpdateAcceptanceTests" file="tests\integration\test_15_update.py" line="53" name="test_04_update_with_git_error" time="24.827" /><testcase classname="tests.integration.test_17_list.ListAcceptanceTests" file="tests\integration\test_17_list.py" line="45" name="test_04_list_labels" time="49.032" /><testcase classname="tests.integration.test_08_checkout_tag.CheckoutTagAcceptanceTests" file="tests\integration\test_08_checkout_tag.py" line="108" name="test_05_group_sample_with_group_size_parameter_greater_than_list_size" time="76.353" /><testcase classname="tests.integration.test_10_fetch_command.FetchAcceptanceTests" file="tests\integration\test_10_fetch_command.py" line="69" name="test_05_fetch_with_range_sample" time="101.421" /><testcase classname="tests.integration.test_07_push_files.PushFilesAcceptanceTests" file="tests\integration\test_07_push_files.py" line="100" name="test_07_push_with_default_aws_config" time="50.316" /><testcase classname="tests.integration.test_05_add_files.AddFilesAcceptanceTests" file="tests\integration\test_05_add_files.py" line="210" name="test_11_add_with_bumpversion_in_older_tag" time="143.136" /><testcase classname="tests.integration.test_15_update.UpdateAcceptanceTests" file="tests\integration\test_15_update.py" line="61" name="test_05_update_all_entities" time="197.723" /><testcase classname="tests.integration.test_16_show.ShowAcceptanceTests" file="tests\integration\test_16_show.py" line="31" name="test_02_show_labels" time="49.764" /><testcase classname="tests.integration.test_12_reset_command.ResetAcceptanceTests" file="tests\integration\test_12_reset_command.py" line="123" name="test_06_hard_entity_with_changed_dir" time="70.391" /><testcase classname="tests.integration.test_18_branch.BranchAcceptanceTests" file="tests\integration\test_18_branch.py" line="39" name="test_03_branch_model" time="49.470" /><testcase classname="tests.integration.test_17_list.ListAcceptanceTests" file="tests\integration\test_17_list.py" line="49" name="test_05_list_model" time="53.001" /><testcase classname="tests.integration.test_06_commit_files.CommitFilesAcceptanceTests" file="tests\integration\test_06_commit_files.py" line="114" name="test_09_commit_with_ignore_file" time="44.797" /><testcase classname="tests.integration.test_07_push_files.PushFilesAcceptanceTests" file="tests\integration\test_07_push_files.py" line="109" name="test_08_push_without_default_config" time="51.951" /><testcase classname="tests.integration.test_16_show.ShowAcceptanceTests" file="tests\integration\test_16_show.py" line="35" name="test_03_show_model" time="52.326" /><testcase classname="tests.integration.test_08_checkout_tag.CheckoutTagAcceptanceTests" file="tests\integration\test_08_checkout_tag.py" line="116" name="test_06_group_sample_with_group_size_parameter_less_than_zero" time="79.829" /><testcase classname="tests.integration.test_20_clone.CloneTest" file="tests\integration\test_20_clone.py" line="29" name="test_01_clone" time="9.204" /><testcase classname="tests.integration.test_13_remote_fsck.RemoteFsckAcceptanceTests" file="tests\integration\test_13_remote_fsck.py" line="86" name="test_04_remote_fsck_with_full_option" time="94.988" /><testcase classname="tests.integration.test_20_clone.CloneTest" file="tests\integration\test_20_clone.py" line="38" name="test_02_clone_folder_non_empty" time="7.948" /><testcase classname="tests.integration.test_21_tag.TagAcceptanceTests" file="tests\integration\test_21_tag.py" line="39" name="test_01_add_tag" time="81.124" /><testcase classname="tests.integration.test_19_create.CreateAcceptanceTests" file="tests\integration\test_19_create.py" line="69" name="test_01_create_dataset" time="13.603" /><testcase classname="tests.integration.test_20_clone.CloneTest" file="tests\integration\test_20_clone.py" line="47" name="test_03_clone_wrong_url" time="8.129" /><testcase classname="tests.integration.test_09_status_command.StatusAcceptanceTests" file="tests\integration\test_09_status_command.py" line="112" name="test_07_status_corrupted_files" time="117.795" /><testcase classname="tests.integration.test_22_import.ImportAcceptanceTests" file="tests\integration\test_22_import.py" line="28" name="test_01_import_with_wrong_credentials" time="37.683" /><testcase classname="tests.integration.test_10_fetch_command.FetchAcceptanceTests" file="tests\integration\test_10_fetch_command.py" line="76" name="test_06_range_sample_with_start_parameter_greater_than_stop" time="78.937" /><testcase classname="tests.integration.test_07_push_files.PushFilesAcceptanceTests" file="tests\integration\test_07_push_files.py" line="118" name="test_09_push_entity_with_dir" time="64.119" /><testcase classname="tests.integration.test_20_clone.CloneTest" file="tests\integration\test_20_clone.py" line="52" name="test_04_clone_inside_folder_without_permission" time="8.258" /><testcase classname="tests.integration.test_19_create.CreateAcceptanceTests" file="tests\integration\test_19_create.py" line="73" name="test_02_create_model" time="12.941" /><testcase classname="tests.integration.test_20_clone.CloneTest" file="tests\integration\test_20_clone.py" line="57" name="test_05_clone_folder_with_untracked" time="8.877" /><testcase classname="tests.integration.test_19_create.CreateAcceptanceTests" file="tests\integration\test_19_create.py" line="77" name="test_03_create_labels" time="12.990" /><testcase classname="tests.integration.test_20_clone.CloneTest" file="tests\integration\test_20_clone.py" line="65" name="test_06_clone_without_folder_option" time="8.819" /><testcase classname="tests.integration.test_23_metadata_persistence.MetadataPersistenceTests" file="tests\integration\test_23_metadata_persistence.py" line="22" name="test_01_change_metadata" time="156.119" /><testcase classname="tests.integration.test_20_clone.CloneTest" file="tests\integration\test_20_clone.py" line="72" name="test_07_clone_to_folder_without_permission" time="8.770" /><testcase classname="tests.integration.test_19_create.CreateAcceptanceTests" file="tests\integration\test_19_create.py" line="81" name="test_04_create_import_with_subdir" time="13.930" /><testcase classname="tests.integration.test_22_import.ImportAcceptanceTests" file="tests\integration\test_22_import.py" line="36" name="test_02_import_with_wrong_bucket" time="63.130" /><testcase classname="tests.integration.test_20_clone.CloneTest" file="tests\integration\test_20_clone.py" line="78" name="test_08_clone_repository_with_wrong_configurations" time="8.867" /><testcase classname="tests.integration.test_19_create.CreateAcceptanceTests" file="tests\integration\test_19_create.py" line="108" name="test_05_create_command_wrong_import_path" time="6.656" /><testcase classname="tests.integration.test_25_export.ExportTagAcceptanceTests" file="tests\integration\test_25_export.py" line="36" name="test_01_export_dataset_tag" time="72.138" /><testcase classname="tests.integration.test_08_checkout_tag.CheckoutTagAcceptanceTests" file="tests\integration\test_08_checkout_tag.py" line="124" name="test_07_checkout_with_range_sample" time="99.990" /><testcase classname="tests.integration.test_19_create.CreateAcceptanceTests" file="tests\integration\test_19_create.py" line="121" name="test_06_create_with_the_name_of_an_existing_entity" time="19.760" /><testcase classname="tests.integration.test_05_add_files.AddFilesAcceptanceTests" file="tests\integration\test_05_add_files.py" line="224" name="test_12_first_add_with_bumpversion" time="33.416" /><testcase classname="tests.integration.test_07_push_files.PushFilesAcceptanceTests" file="tests\integration\test_07_push_files.py" line="133" name="test_10_push_without_commit" time="40.345" /><testcase classname="tests.integration.test_19_create.CreateAcceptanceTests" file="tests\integration\test_19_create.py" line="133" name="test_07_create_entity_with_gdriveh_storage" time="12.516" /><testcase classname="tests.integration.test_21_tag.TagAcceptanceTests" file="tests\integration\test_21_tag.py" line="46" name="test_02_add_tag_wrong_entity" time="31.431" /><testcase classname="tests.integration.test_10_fetch_command.FetchAcceptanceTests" file="tests\integration\test_10_fetch_command.py" line="83" name="test_07_range_sample_with_start_parameter_less_than_zero" time="77.154" /><testcase classname="tests.integration.test_13_remote_fsck.RemoteFsckAcceptanceTests" file="tests\integration\test_13_remote_fsck.py" line="95" name="test_05_remote_fsck_empty_entity" time="34.206" /><testcase classname="tests.integration.test_19_create.CreateAcceptanceTests" file="tests\integration\test_19_create.py" line="137" name="test_08_create_entity_with_azure_storage" time="11.696" /><testcase classname="tests.integration.test_05_add_files.AddFilesAcceptanceTests" file="tests\integration\test_05_add_files.py" line="230" name="test_13_add_entity_with_readme_file_in_data" time="35.465" /><testcase classname="tests.integration.test_19_create.CreateAcceptanceTests" file="tests\integration\test_19_create.py" line="141" name="test_09_create_with_import_and_import_url_options" time="13.407" /><testcase classname="tests.integration.test_22_import.ImportAcceptanceTests" file="tests\integration\test_22_import.py" line="44" name="test_03_import_when_credentials_does_not_exist" time="33.856" /><testcase classname="tests.integration.test_21_tag.TagAcceptanceTests" file="tests\integration\test_21_tag.py" line="53" name="test_03_add_tag_without_previous_commit" time="33.848" /><testcase classname="tests.integration.test_07_push_files.PushFilesAcceptanceTests" file="tests\integration\test_07_push_files.py" line="146" name="test_11_push_with_wrong_minio_endpoint" time="69.838" /><testcase classname="tests.integration.test_19_create.CreateAcceptanceTests" file="tests\integration\test_19_create.py" line="150" name="test_10_create_with_import_url_without_credentials_path" time="12.880" /><testcase classname="tests.integration.test_15_update.UpdateAcceptanceTests" file="tests\integration\test_15_update.py" line="70" name="test_06_update_without_entities_initialized" time="12.569" /><testcase classname="tests.integration.test_09_status_command.StatusAcceptanceTests" file="tests\integration\test_09_status_command.py" line="131" name="test_08_status_with_ignore_file" time="68.758" /><testcase classname="tests.integration.test_13_remote_fsck.RemoteFsckAcceptanceTests" file="tests\integration\test_13_remote_fsck.py" line="101" name="test_06_remote_fsck_missing_descriptor_files" time="124.328" /><testcase classname="tests.integration.test_25_export.ExportTagAcceptanceTests" file="tests\integration\test_25_export.py" line="41" name="test_02_export_model_tag" time="69.320" /><testcase classname="tests.integration.test_19_create.CreateAcceptanceTests" file="tests\integration\test_19_create.py" line="161" name="test_11_create_with_unzip_option" time="12.507" /><testcase classname="tests.integration.test_15_update.UpdateAcceptanceTests" file="tests\integration\test_15_update.py" line="76" name="test_07_update_some_entities" time="133.160" /><testcase classname="tests.integration.test_05_add_files.AddFilesAcceptanceTests" file="tests\integration\test_05_add_files.py" line="248" name="test_14_add_with_ignore_file" time="34.219" /><testcase classname="tests.integration.test_26_mutability.MutabilityAcceptanceTests" file="tests\integration\test_26_mutability.py" line="56" name="test_01_mutability_strict_push" time="134.542" /><testcase classname="tests.integration.test_19_create.CreateAcceptanceTests" file="tests\integration\test_19_create.py" line="183" name="test_12_create_with_deprecated_version_number" time="12.726" /><testcase classname="tests.integration.test_21_tag.TagAcceptanceTests" file="tests\integration\test_21_tag.py" line="59" name="test_04_add_existing_tag" time="85.644" /><testcase classname="tests.integration.test_19_create.CreateAcceptanceTests" file="tests\integration\test_19_create.py" line="193" name="test_13_create_with_mutability_mutable" time="12.524" /><testcase classname="tests.integration.test_08_checkout_tag.CheckoutTagAcceptanceTests" file="tests\integration\test_08_checkout_tag.py" line="133" name="test_08_range_sample_with_start_parameter_greater_than_stop" time="77.008" /><testcase classname="tests.integration.test_10_fetch_command.FetchAcceptanceTests" file="tests\integration\test_10_fetch_command.py" line="90" name="test_08_range_sample_with_step_parameter_greater_than_stop_parameter" time="76.480" /><testcase classname="tests.integration.test_19_create.CreateAcceptanceTests" file="tests\integration\test_19_create.py" line="199" name="test_14_create_with_mutability_flexible" time="11.045" /><testcase classname="tests.integration.test_05_add_files.AddFilesAcceptanceTests" file="tests\integration\test_05_add_files.py" line="274" name="test_15_add_and_edit_file_with_same_hash" time="102.636" /><testcase classname="tests.integration.test_19_create.CreateAcceptanceTests" file="tests\integration\test_19_create.py" line="205" name="test_15_create_with_mutability_strict" time="13.656" /><testcase classname="tests.integration.test_27_unlock.UnlockAcceptanceTests" file="tests\integration\test_27_unlock.py" line="35" name="test_01_unlock_in_strict_mode" time="42.387" /><testcase classname="tests.integration.test_24_api.APIAcceptanceTests" file="tests\integration\test_24_api.py" line="105" name="test_01_checkout_tag" time="103.109" /><testcase classname="tests.integration.test_09_status_command.StatusAcceptanceTests" file="tests\integration\test_09_status_command.py" line="170" name="test_09_status_after_multiple_commits" time="109.263" /><testcase classname="tests.integration.test_19_create.CreateAcceptanceTests" file="tests\integration\test_19_create.py" line="211" name="test_16_create_without_mutability_option" time="12.743" /><testcase classname="tests.integration.test_25_export.ExportTagAcceptanceTests" file="tests\integration\test_25_export.py" line="46" name="test_03_export_labels_tag" time="73.212" /><testcase classname="tests.integration.test_19_create.CreateAcceptanceTests" file="tests\integration\test_19_create.py" line="219" name="test_17_create_with_entity_option" time="12.684" /><testcase classname="tests.integration.test_19_create.CreateAcceptanceTests" file="tests\integration\test_19_create.py" line="229" name="test_18_create_without_categories_option" time="13.416" /><testcase classname="tests.integration.test_27_unlock.UnlockAcceptanceTests" file="tests\integration\test_27_unlock.py" line="43" name="test_02_unlock_wrong_file" time="43.034" /><testcase classname="tests.integration.test_21_tag.TagAcceptanceTests" file="tests\integration\test_21_tag.py" line="70" name="test_05_add_tag_and_push" time="83.008" /><testcase classname="tests.integration.test_19_create.CreateAcceptanceTests" file="tests\integration\test_19_create.py" line="236" name="test_19_create_datasets_with_multiple_categories" time="13.346" /><testcase classname="tests.integration.test_08_checkout_tag.CheckoutTagAcceptanceTests" file="tests\integration\test_08_checkout_tag.py" line="141" name="test_09_range_sample_with_start_parameter_less_than_zero" time="79.560" /><testcase classname="tests.integration.test_10_fetch_command.FetchAcceptanceTests" file="tests\integration\test_10_fetch_command.py" line="97" name="test_09_range_sample_with_start_parameter_equal_to_stop" time="79.480" /><testcase classname="tests.integration.test_19_create.CreateAcceptanceTests" file="tests\integration\test_19_create.py" line="250" name="test_20_create_labels_with_multiple_categories" time="12.605" /><testcase classname="tests.integration.test_28_checkout_bare.CheckoutTagAcceptanceTests" file="tests\integration\test_28_checkout_bare.py" line="64" name="test_01_checkout_bare" time="107.345" /><testcase classname="tests.integration.test_19_create.CreateAcceptanceTests" file="tests\integration\test_19_create.py" line="265" name="test_21_create_models_with_multiple_categories" time="13.991" /><testcase classname="tests.integration.test_29_log.LogTests" file="tests\integration\test_29_log.py" line="45" name="test_01_log" time="52.188" /><testcase classname="tests.integration.test_30_azure_storage.AzureAcceptanceTests" file="tests\integration\test_30_azure_storage.py" line="58" name="test_01_create_azure_storage" time="27.948" /><testcase classname="tests.integration.test_27_unlock.UnlockAcceptanceTests" file="tests\integration\test_27_unlock.py" line="52" name="test_03_unlock_flexible_mode" time="42.998" /><testcase classname="tests.integration.test_05_add_files.AddFilesAcceptanceTests" file="tests\integration\test_05_add_files.py" line="294" name="test_16_add_command_with_metric_file_empty" time="34.947" /><testcase classname="tests.integration.test_19_create.CreateAcceptanceTests" file="tests\integration\test_19_create.py" line="280" name="test_22_create_with_invalid_bucket_name" time="12.995" /><testcase classname="tests.integration.test_26_mutability.MutabilityAcceptanceTests" file="tests\integration\test_26_mutability.py" line="72" name="test_02_mutability_flexible_push" time="135.431" /><testcase classname="tests.integration.test_19_create.CreateAcceptanceTests" file="tests\integration\test_19_create.py" line="288" name="test_23_create_datasets_with_empty_categories_names" time="13.524" /><testcase classname="tests.integration.test_24_api.APIAcceptanceTests" file="tests\integration\test_24_api.py" line="119" name="test_02_checkout_with_group_sample" time="103.287" /><testcase classname="tests.integration.test_30_azure_storage.AzureAcceptanceTests" file="tests\integration\test_30_azure_storage.py" line="68" name="test_02_push_file" time="53.625" /><testcase classname="tests.integration.test_09_status_command.StatusAcceptanceTests" file="tests\integration\test_09_status_command.py" line="207" name="test_10_status_after_commit_in_empty_git" time="50.227" /><testcase classname="tests.integration.test_19_create.CreateAcceptanceTests" file="tests\integration\test_19_create.py" line="297" name="test_24_create_datasets_with_invalid_categories_names" time="219.145" /><testcase classname="tests.integration.test_05_add_files.AddFilesAcceptanceTests" file="tests\integration\test_05_add_files.py" line="306" name="test_17_add_command_with_empty_metric_file" time="33.195" /><testcase classname="tests.integration.test_27_unlock.UnlockAcceptanceTests" file="tests\integration\test_27_unlock.py" line="60" name="test_04_unlock_mutable_mode" time="41.876" /><testcase classname="tests.integration.test_31_push_api.APIAcceptanceTests" file="tests\integration\test_31_push_api.py" line="39" name="test_01_dataset_push" time="33.916" /><testcase classname="tests.integration.test_08_checkout_tag.CheckoutTagAcceptanceTests" file="tests\integration\test_08_checkout_tag.py" line="149" name="test_10_range_sample_with_step_parameter_greater_than_stop_parameter" time="78.233" /><testcase classname="tests.integration.test_10_fetch_command.FetchAcceptanceTests" file="tests\integration\test_10_fetch_command.py" line="104" name="test_10_range_sample_with_stop_parameter_greater_than_file_list_size" time="77.881" /><testcase classname="tests.integration.test_29_log.LogTests" file="tests\integration\test_29_log.py" line="57" name="test_02_log_with_stat" time="68.838" /><testcase classname="tests.integration.test_33_config.ConfigAcceptanceTests" file="tests\integration\test_33_config.py" line="31" name="test_01_config_show_command" time="13.523" /><testcase classname="tests.integration.test_31_push_api.APIAcceptanceTests" file="tests\integration\test_31_push_api.py" line="47" name="test_02_model_push" time="33.512" /><testcase classname="tests.integration.test_32_checkout_otf.APIAcceptanceTests" file="tests\integration\test_32_checkout_otf.py" line="53" name="test_01_checkout_with_otf_option" time="119.464" /><testcase classname="tests.integration.test_30_azure_storage.AzureAcceptanceTests" file="tests\integration\test_30_azure_storage.py" line="75" name="test_03_checkout" time="69.243" /><testcase classname="tests.integration.test_33_config.ConfigAcceptanceTests" file="tests\integration\test_33_config.py" line="36" name="test_02_add_remote_config" time="14.754" /><testcase classname="tests.integration.test_33_checkout_entity.CheckoutTagAcceptanceTests" file="tests\integration\test_33_checkout_entity.py" line="71" name="test_01_checkout_with_entity_name" time="102.539" /><testcase classname="tests.integration.test_28_checkout_bare.CheckoutTagAcceptanceTests" file="tests\integration\test_28_checkout_bare.py" line="72" name="test_02_push_file" time="207.364" /><testcase classname="tests.integration.test_33_config.ConfigAcceptanceTests" file="tests\integration\test_33_config.py" line="46" name="test_03_add_remote_in_empty_folder" time="7.078" /><testcase classname="tests.integration.test_33_config.ConfigAcceptanceTests" file="tests\integration\test_33_config.py" line="54" name="test_04_config_push_after_remote_add" time="23.673" /><testcase classname="tests.integration.test_31_push_api.APIAcceptanceTests" file="tests\integration\test_31_push_api.py" line="55" name="test_03_labels_push" time="34.355" /><testcase classname="tests.integration.test_29_log.LogTests" file="tests\integration\test_29_log.py" line="78" name="test_03_log_with_fullstat" time="71.741" /><testcase classname="tests.integration.test_24_api.APIAcceptanceTests" file="tests\integration\test_24_api.py" line="133" name="test_03_checkout_with_range_sample" time="105.012" /><testcase classname="tests.integration.test_08_checkout_tag.CheckoutTagAcceptanceTests" file="tests\integration\test_08_checkout_tag.py" line="157" name="test_11_range_sample_with_start_parameter_equal_to_stop" time="79.455" /><testcase classname="tests.integration.test_10_fetch_command.FetchAcceptanceTests" file="tests\integration\test_10_fetch_command.py" line="111" name="test_11_checkout_with_random_sample" time="103.727" /><testcase classname="tests.integration.test_33_config.ConfigAcceptanceTests" file="tests\integration\test_33_config.py" line="68" name="test_05_config_push_in_empty_folder" time="7.822" /><testcase classname="tests.integration.test_33_config.ConfigAcceptanceTests" file="tests\integration\test_33_config.py" line="75" name="test_06_config_push_after_clone" time="17.652" /><testcase classname="tests.integration.test_26_mutability.MutabilityAcceptanceTests" file="tests\integration\test_26_mutability.py" line="88" name="test_03_mutability_mutable_push" time="133.201" /><testcase classname="tests.integration.test_35_status_short_mode.StatusShortModeAcceptanceTests" file="tests\integration\test_35_status_short_mode.py" line="44" name="test_01_status_after_put_on_new_file_in_dataset" time="34.031" /><testcase classname="tests.integration.test_30_azure_storage.AzureAcceptanceTests" file="tests\integration\test_30_azure_storage.py" line="113" name="test_04_push_without_credentials" time="50.991" /><testcase classname="tests.integration.test_33_config.ConfigAcceptanceTests" file="tests\integration\test_33_config.py" line="92" name="test_07_config_push_with_message" time="21.729" /><testcase classname="tests.integration.test_33_config.ConfigAcceptanceTests" file="tests\integration\test_33_config.py" line="121" name="test_08_config_show_local_option" time="37.587" /><testcase classname="tests.integration.test_35_status_short_mode.StatusShortModeAcceptanceTests" file="tests\integration\test_35_status_short_mode.py" line="57" name="test_02_status_after_put_more_than_one_file_in_dataset" time="33.672" /><testcase classname="tests.integration.test_33_checkout_entity.CheckoutTagAcceptanceTests" file="tests\integration\test_33_checkout_entity.py" line="84" name="test_02_checkout_with_wrong_entity_name" time="75.836" /><testcase classname="tests.integration.test_29_log.LogTests" file="tests\integration\test_29_log.py" line="97" name="test_04_log_with_fullstat_files_added_and_deleted" time="86.371" /><testcase classname="tests.integration.test_32_checkout_otf.APIAcceptanceTests" file="tests\integration\test_32_checkout_otf.py" line="61" name="test_02_checkout_with_otf_in_already_initialized_repository" time="140.203" /><testcase classname="tests.integration.test_30_azure_storage.AzureAcceptanceTests" file="tests\integration\test_30_azure_storage.py" line="118" name="test_05_push_with_wrong_connection_credential" time="49.336" /><testcase classname="tests.integration.test_08_checkout_tag.CheckoutTagAcceptanceTests" file="tests\integration\test_08_checkout_tag.py" line="165" name="test_12_range_sample_with_stop_parameter_greater_than_file_list_size" time="76.639" /><testcase classname="tests.integration.test_33_config.ConfigAcceptanceTests" file="tests\integration\test_33_config.py" line="130" name="test_09_config_show_global_option" time="36.657" /><testcase classname="tests.integration.test_35_status_short_mode.StatusShortModeAcceptanceTests" file="tests\integration\test_35_status_short_mode.py" line="71" name="test_03_status_after_add_command_in_dataset" time="40.068" /><testcase classname="tests.integration.test_24_api.APIAcceptanceTests" file="tests\integration\test_24_api.py" line="147" name="test_04_checkout_with_random_sample" time="102.152" /><testcase classname="tests.integration.test_10_fetch_command.FetchAcceptanceTests" file="tests\integration\test_10_fetch_command.py" line="118" name="test_12_random_sample_with_frequency_less_or_equal_zero" time="76.958" /><testcase classname="tests.integration.test_19_create.CreateAcceptanceTests" file="tests\integration\test_19_create.py" line="312" name="test_25_create_with_invalid_version_number" time="12.605" /><testcase classname="tests.integration.test_33_config.ConfigAcceptanceTests" file="tests\integration\test_33_config.py" line="141" name="test_10_config_show_merged" time="36.898" /><testcase classname="tests.integration.test_36_gc.GcAcceptanceTests" file="tests\integration\test_36_gc.py" line="53" name="test_01_gc_dataset_entity" time="139.783" /><testcase classname="tests.integration.test_35_status_short_mode.StatusShortModeAcceptanceTests" file="tests\integration\test_35_status_short_mode.py" line="84" name="test_04_status_after_commit_command_in_dataset" time="57.846" /><testcase classname="tests.integration.test_19_create.CreateAcceptanceTests" file="tests\integration\test_19_create.py" line="321" name="test_26_create_with_import_url_and_without_credentials_path" time="12.635" /><testcase classname="tests.integration.test_33_checkout_entity.CheckoutTagAcceptanceTests" file="tests\integration\test_33_checkout_entity.py" line="92" name="test_03_checkout_with_two_entities_wit_same_name" time="152.776" /><testcase classname="tests.integration.test_34_remote_del.RemoteDelAcceptanceTests" file="tests\integration\test_34_remote_del.py" line="76" name="test_01_remote_del_for_dataset" time="25.351" /><testcase classname="tests.integration.test_19_create.CreateAcceptanceTests" file="tests\integration\test_19_create.py" line="330" name="test_27_create_with_credentials_path_and_without_import_url" time="12.596" /><testcase classname="tests.integration.test_29_log.LogTests" file="tests\integration\test_29_log.py" line="114" name="test_05_log_metrics" time="50.773" /><testcase classname="tests.integration.test_08_checkout_tag.CheckoutTagAcceptanceTests" file="tests\integration\test_08_checkout_tag.py" line="173" name="test_13_checkout_with_random_sample" time="100.925" /><testcase classname="tests.integration.test_19_create.CreateAcceptanceTests" file="tests\integration\test_19_create.py" line="339" name="test_28_create_with_invalid_entity_dir" time="12.647" /><testcase classname="tests.integration.test_37_sftp_storage.SFTPAcceptanceTests" file="tests\integration\test_37_sftp_storage.py" line="56" name="test_01_create_sftp_storage" time="27.359" /><testcase classname="tests.integration.test_28_checkout_bare.CheckoutTagAcceptanceTests" file="tests\integration\test_28_checkout_bare.py" line="103" name="test_03_push_file_with_same_path_strict" time="193.745" /><testcase classname="tests.integration.test_34_remote_del.RemoteDelAcceptanceTests" file="tests\integration\test_34_remote_del.py" line="83" name="test_03_remote_del_for_model" time="26.389" /><testcase classname="tests.integration.test_38_models_metrics.ModelsMetricsAcceptanceTests" file="tests\integration\test_38_models_metrics.py" line="60" name="test_01_models_metrics" time="67.009" /><testcase classname="tests.integration.test_10_fetch_command.FetchAcceptanceTests" file="tests\integration\test_10_fetch_command.py" line="125" name="test_13_random_sample_with_amount_parameter_greater_than_frequency" time="78.849" /><testcase classname="tests.integration.test_35_status_short_mode.StatusShortModeAcceptanceTests" file="tests\integration\test_35_status_short_mode.py" line="100" name="test_05_status_after_checkout_in_dataset" time="108.143" /><testcase classname="tests.integration.test_37_sftp_storage.SFTPAcceptanceTests" file="tests\integration\test_37_sftp_storage.py" line="66" name="test_02_push_file" time="83.023" /><testcase classname="tests.integration.test_34_remote_del.RemoteDelAcceptanceTests" file="tests\integration\test_34_remote_del.py" line="90" name="test_04_remote_del_for_labels" time="25.991" /><testcase classname="tests.integration.test_36_status_path_directory.StatusPathDirectoryAcceptanceTests" file="tests\integration\test_36_status_path_directory.py" line="22" name="test_01_status_after_put_on_new_file_in_dataset_without_directory" time="33.981" /><testcase classname="tests.integration.test_24_api.APIAcceptanceTests" file="tests\integration\test_24_api.py" line="161" name="test_05_checkout_with_group_sample_without_group" time="73.110" /><testcase classname="tests.integration.test_32_checkout_otf.APIAcceptanceTests" file="tests\integration\test_32_checkout_otf.py" line="73" name="test_03_checkout_with_otf_fail" time="93.940" /><testcase classname="tests.integration.test_34_remote_del.RemoteDelAcceptanceTests" file="tests\integration\test_34_remote_del.py" line="97" name="test_05_update_dataset_after_remote_del" time="85.238" /><testcase classname="tests.integration.test_36_status_path_directory.StatusPathDirectoryAcceptanceTests" file="tests\integration\test_36_status_path_directory.py" line="36" name="test_02_status_after_put_on_new_file_in_dataset_with_directory" time="32.342" /><testcase classname="tests.integration.test_38_models_metrics.ModelsMetricsAcceptanceTests" file="tests\integration\test_38_models_metrics.py" line="70" name="test_02_export_metrics_to_json" time="67.096" /><testcase classname="tests.integration.test_08_checkout_tag.CheckoutTagAcceptanceTests" file="tests\integration\test_08_checkout_tag.py" line="182" name="test_14_random_sample_with_frequency_less_or_equal_zero" time="78.489" /><testcase classname="tests.integration.test_10_fetch_command.FetchAcceptanceTests" file="tests\integration\test_10_fetch_command.py" line="132" name="test_14_random_sample_with_frequency_greater_or_equal_list_size" time="79.552" /><testcase classname="tests.integration.test_36_gc.GcAcceptanceTests" file="tests\integration\test_36_gc.py" line="62" name="test_02_gc_labels_entity" time="139.070" /><testcase classname="tests.integration.test_36_status_path_directory.StatusPathDirectoryAcceptanceTests" file="tests\integration\test_36_status_path_directory.py" line="48" name="test_03_status_after_put_more_than_one_file_in_dataset_with_directory" time="34.683" /><testcase classname="tests.integration.test_37_sftp_storage.SFTPAcceptanceTests" file="tests\integration\test_37_sftp_storage.py" line="75" name="test_03_checkout" time="156.614" /><testcase classname="tests.integration.test_24_api.APIAcceptanceTests" file="tests\integration\test_24_api.py" line="169" name="test_06_checkout_with_range_sample_without_range" time="73.371" /><testcase classname="tests.integration.test_33_checkout_entity.CheckoutTagAcceptanceTests" file="tests\integration\test_33_checkout_entity.py" line="105" name="test_04_checkout_with_version_number" time="101.392" /><testcase classname="tests.integration.test_35_status_short_mode.StatusShortModeAcceptanceTests" file="tests\integration\test_35_status_short_mode.py" line="107" name="test_06_status_after_delete_file" time="109.066" /><testcase classname="tests.integration.test_36_status_path_directory.StatusPathDirectoryAcceptanceTests" file="tests\integration\test_36_status_path_directory.py" line="61" name="test_04_status_after_put_more_than_one_file_in_dataset_with_invalid_directory" time="33.982" /><testcase classname="tests.integration.test_32_checkout_otf.APIAcceptanceTests" file="tests\integration\test_32_checkout_otf.py" line="81" name="test_04_checkout_with_otf_without_global" time="93.744" /><testcase classname="tests.integration.test_38_models_metrics.ModelsMetricsAcceptanceTests" file="tests\integration\test_38_models_metrics.py" line="90" name="test_03_export_metrics_to_csv" time="66.146" /><testcase classname="tests.integration.test_34_remote_del.RemoteDelAcceptanceTests" file="tests\integration\test_34_remote_del.py" line="106" name="test_06_update_model_after_remote_del" time="82.197" /><testcase classname="tests.integration.test_08_checkout_tag.CheckoutTagAcceptanceTests" file="tests\integration\test_08_checkout_tag.py" line="191" name="test_15_random_sample_with_amount_parameter_greater_than_frequency" time="76.247" /><testcase classname="tests.integration.test_36_status_path_directory.StatusPathDirectoryAcceptanceTests" file="tests\integration\test_36_status_path_directory.py" line="70" name="test_05_status_after_put_on_new_file_in_dataset_with_directory_and_add_command" time="41.038" /><testcase classname="tests.integration.test_10_fetch_command.FetchAcceptanceTests" file="tests\integration\test_10_fetch_command.py" line="139" name="test_15_fetch_with_wrong_git_configured" time="74.470" /><testcase classname="tests.integration.test_24_api.APIAcceptanceTests" file="tests\integration\test_24_api.py" line="177" name="test_07_checkout_with_random_sample_without_seed" time="70.688" /><testcase classname="tests.integration.test_28_checkout_bare.CheckoutTagAcceptanceTests" file="tests\integration\test_28_checkout_bare.py" line="123" name="test_04_push_file_with_same_path_mutable" time="167.364" /><testcase classname="tests.integration.test_38_models_metrics.ModelsMetricsAcceptanceTests" file="tests\integration\test_38_models_metrics.py" line="120" name="test_04_export_metrics_without_export_path" time="61.346" /><testcase classname="tests.integration.test_36_status_path_directory.StatusPathDirectoryAcceptanceTests" file="tests\integration\test_36_status_path_directory.py" line="84" name="test_06_status_in_wrong_dir" time="38.796" /><testcase classname="tests.integration.test_33_checkout_entity.CheckoutTagAcceptanceTests" file="tests\integration\test_33_checkout_entity.py" line="115" name="test_05_checkout_with_wrong_version_number" time="66.725" /><testcase classname="tests.integration.test_34_remote_del.RemoteDelAcceptanceTests" file="tests\integration\test_34_remote_del.py" line="115" name="test_07_update_labels_after_remote_del" time="72.709" /><testcase classname="tests.integration.test_36_gc.GcAcceptanceTests" file="tests\integration\test_36_gc.py" line="71" name="test_03_gc_model_entity" time="110.963" /><testcase classname="tests.integration.test_39_diff_command.DiffCommandAcceptanceTests" file="tests\integration\test_39_diff_command.py" line="22" name="test_01_diff_added_file" time="56.397"><failure message="AssertionError: Regex didn't match: 'Added files:\\s+data\\/file3' not found in '\n\n- Getting Manifest Files\n\n\\ Getting Manifest Files\n\n| Getting Manifest Files\n\n/ Getting Manifest Files\n\n- Getting Manifest Files\n\n- Comparing MANIFEST files\n\n\\ Comparing MANIFEST files\n\n\\ Getting Manifest Files\n\nAdded files:\n\tdata\\file3\n\n\n\n\n\n\n\n\n'">self = &lt;tests.integration.test_39_diff_command.DiffCommandAcceptanceTests testMethod=test_01_diff_added_file&gt;

    @pytest.mark.usefixtures('start_local_git_server', 'switch_to_tmp_dir')
    def test_01_diff_added_file(self):
        self.set_up_diff(DATASETS)
        data_path = os.path.join(self.tmp_dir, DATASETS, DATASET_NAME, 'data')
        os.makedirs(data_path, exist_ok=True)
    
        create_file(data_path, 'file2', '0', '')
        check_output(MLGIT_ADD % (DATASETS, DATASET_NAME, ''))
        self.assertIn(output_messages['INFO_COMMIT_REPO'] % (
            os.path.join(self.tmp_dir, ML_GIT_DIR, DATASETS, 'metadata'), DATASET_NAME),
                      check_output(MLGIT_COMMIT % (DATASETS, DATASET_NAME, '')))
    
        create_file(data_path, 'file3', 'x', '')
        check_output(MLGIT_ADD % (DATASETS, DATASET_NAME, '--bumpversion'))
        self.assertIn(output_messages['INFO_COMMIT_REPO'] % (
            os.path.join(self.tmp_dir, ML_GIT_DIR, DATASETS, 'metadata'), DATASET_NAME),
                      check_output(MLGIT_COMMIT % (DATASETS, DATASET_NAME, '')))
    
        output = check_output(MLGIT_DIFF % (DATASETS, DATASET_NAME, DATASET_TAG, DATASET_TAG.replace('1', '2')))
&gt;       self.assertRegex(output, r'Added files:\s+data\/file3')
E       AssertionError: Regex didn't match: 'Added files:\\s+data\\/file3' not found in '\n\n- Getting Manifest Files\n\n\\ Getting Manifest Files\n\n| Getting Manifest Files\n\n/ Getting Manifest Files\n\n- Getting Manifest Files\n\n- Comparing MANIFEST files\n\n\\ Comparing MANIFEST files\n\n\\ Getting Manifest Files\n\nAdded files:\n\tdata\\file3\n\n\n\n\n\n\n\n\n'

C:\Users\ClaudinM\lixo\a\ml-git\tests\integration\test_39_diff_command.py:42: AssertionError</failure></testcase><testcase classname="tests.integration.test_08_checkout_tag.CheckoutTagAcceptanceTests" file="tests\integration\test_08_checkout_tag.py" line="200" name="test_16_random_sample_with_frequency_greater_or_equal_list_size" time="63.427" /><testcase classname="tests.integration.test_10_fetch_command.FetchAcceptanceTests" file="tests\integration\test_10_fetch_command.py" line="146" name="test_16_fetch_with_wrong_tag" time="62.396" /><testcase classname="tests.integration.test_24_api.APIAcceptanceTests" file="tests\integration\test_24_api.py" line="185" name="test_08_clone" time="2.352"><failure message="PermissionError: [WinError 5] Access is denied: 'C:\\Users\\ClaudinM\\AppData\\Local\\Temp\\pytest-of-ClaudinM\\pytest-46\\popen-gw10\\test_08_clone0\\tmpd47wly7h\\mlgit\\.git\\objects\\1c\\fbf1c8fa48c5e472bf36967b654130e174209f'">self = &lt;tests.integration.test_24_api.APIAcceptanceTests testMethod=test_08_clone&gt;

    @pytest.mark.usefixtures('switch_to_tmp_dir', 'start_local_git_server')
    def test_08_clone(self):
        self.set_up_clone_test()
    
&gt;       api.clone(self.GIT_CLONE)

C:\Users\ClaudinM\lixo\a\ml-git\tests\integration\test_24_api.py:190: 
_ _ _ _ _ _ _ _ _ _ _ _ _ _ _ _ _ _ _ _ _ _ _ _ _ _ _ _ _ _ _ _ _ _ _ _ _ _ _ _ _ _ _ _ _ _ _ _ _ _ _ _ _ _ _ _ _ _ _ _
C:\Users\ClaudinM\lixo\a\ml-git\ml_git\api.py:129: in clone
    os.chdir(current_directory)
C:\Python37\lib\tempfile.py:805: in __exit__
    self.cleanup()
C:\Python37\lib\tempfile.py:809: in cleanup
    _shutil.rmtree(self.name)
C:\Python37\lib\shutil.py:507: in rmtree
    return _rmtree_unsafe(path, onerror)
C:\Python37\lib\shutil.py:386: in _rmtree_unsafe
    _rmtree_unsafe(fullname, onerror)
C:\Python37\lib\shutil.py:386: in _rmtree_unsafe
    _rmtree_unsafe(fullname, onerror)
C:\Python37\lib\shutil.py:386: in _rmtree_unsafe
    _rmtree_unsafe(fullname, onerror)
C:\Python37\lib\shutil.py:386: in _rmtree_unsafe
    _rmtree_unsafe(fullname, onerror)
C:\Python37\lib\shutil.py:391: in _rmtree_unsafe
    onerror(os.unlink, fullname, sys.exc_info())
_ _ _ _ _ _ _ _ _ _ _ _ _ _ _ _ _ _ _ _ _ _ _ _ _ _ _ _ _ _ _ _ _ _ _ _ _ _ _ _ _ _ _ _ _ _ _ _ _ _ _ _ _ _ _ _ _ _ _ _

path = 'C:\\Users\\ClaudinM\\AppData\\Local\\Temp\\pytest-of-ClaudinM\\pytest-46\\popen-gw10\\test_08_clone0\\tmpd47wly7h\\mlgit\\.git\\objects\\1c'
onerror = &lt;function rmtree.&lt;locals&gt;.onerror at 0x00000154AAE59400&gt;

    def _rmtree_unsafe(path, onerror):
        try:
            with os.scandir(path) as scandir_it:
                entries = list(scandir_it)
        except OSError:
            onerror(os.scandir, path, sys.exc_info())
            entries = []
        for entry in entries:
            fullname = entry.path
            try:
                is_dir = entry.is_dir(follow_symlinks=False)
            except OSError:
                is_dir = False
            if is_dir:
                try:
                    if entry.is_symlink():
                        # This can only happen if someone replaces
                        # a directory with a symlink after the call to
                        # os.scandir or entry.is_dir above.
                        raise OSError("Cannot call rmtree on a symbolic link")
                except OSError:
                    onerror(os.path.islink, fullname, sys.exc_info())
                    continue
                _rmtree_unsafe(fullname, onerror)
            else:
                try:
&gt;                   os.unlink(fullname)
E                   PermissionError: [WinError 5] Access is denied: 'C:\\Users\\ClaudinM\\AppData\\Local\\Temp\\pytest-of-ClaudinM\\pytest-46\\popen-gw10\\test_08_clone0\\tmpd47wly7h\\mlgit\\.git\\objects\\1c\\fbf1c8fa48c5e472bf36967b654130e174209f'

C:\Python37\lib\shutil.py:389: PermissionError</failure></testcase><testcase classname="tests.integration.test_24_api.APIAcceptanceTests" file="tests\integration\test_24_api.py" line="193" name="test_09_clone_with_untracked_and_folder" time="2.271" /><testcase classname="tests.integration.test_24_api.APIAcceptanceTests" file="tests\integration\test_24_api.py" line="238" name="test_10_add_files" time="22.814" /><testcase classname="tests.integration.test_37_sftp_storage.SFTPAcceptanceTests" file="tests\integration\test_37_sftp_storage.py" line="89" name="test_04_push_with_wrong_bucket" time="49.909" /><testcase classname="tests.integration.test_24_api.APIAcceptanceTests" file="tests\integration\test_24_api.py" line="244" name="test_11_add_files_with_bumpversion" time="26.413" /><testcase classname="tests.integration.test_33_checkout_entity.CheckoutTagAcceptanceTests" file="tests\integration\test_33_checkout_entity.py" line="123" name="test_06_checkout_with_two_entities_wit_same_name_and_version" time="102.291" /><testcase classname="tests.integration.test_39_diff_command.DiffCommandAcceptanceTests" file="tests\integration\test_39_diff_command.py" line="45" name="test_02_diff_deleted_file" time="49.047"><failure message="AssertionError: Regex didn't match: 'Deleted files:\\s+data\\/file2' not found in '\n\n- Getting Manifest Files\n\n\\ Getting Manifest Files\n\n| Getting Manifest Files\n\n/ Getting Manifest Files\n\n- Getting Manifest Files\n\n- Comparing MANIFEST files\n\n\\ Comparing MANIFEST files\n\n\\ Getting Manifest Files\n\n\nDeleted files:\n\tdata\\file2\n\n\n\n\n\n\n\n\n'">self = &lt;tests.integration.test_39_diff_command.DiffCommandAcceptanceTests testMethod=test_02_diff_deleted_file&gt;

    @pytest.mark.usefixtures('start_local_git_server', 'switch_to_tmp_dir')
    def test_02_diff_deleted_file(self):
        self.set_up_diff(DATASETS)
        data_path = os.path.join(self.tmp_dir, DATASETS, DATASET_NAME, 'data')
        os.makedirs(data_path, exist_ok=True)
    
        create_file(data_path, 'file2', '0', '')
        check_output(MLGIT_ADD % (DATASETS, DATASET_NAME, ''))
    
        self.assertIn(output_messages['INFO_COMMIT_REPO'] % (
            os.path.join(self.tmp_dir, ML_GIT_DIR, DATASETS, 'metadata'), DATASET_NAME),
                      check_output(MLGIT_COMMIT % (DATASETS, DATASET_NAME, '')))
    
        clear(os.path.join(data_path, 'file2'))
        check_output(MLGIT_ADD % (DATASETS, DATASET_NAME, '--bumpversion'))
        self.assertIn(output_messages['INFO_COMMIT_REPO'] % (
            os.path.join(self.tmp_dir, ML_GIT_DIR, DATASETS, 'metadata'), DATASET_NAME),
                      check_output(MLGIT_COMMIT % (DATASETS, DATASET_NAME, '')))
    
        output = check_output(MLGIT_DIFF % (DATASETS, DATASET_NAME, DATASET_TAG, DATASET_TAG.replace('1', '2')))
&gt;       self.assertRegex(output, r'Deleted files:\s+data\/file2')
E       AssertionError: Regex didn't match: 'Deleted files:\\s+data\\/file2' not found in '\n\n- Getting Manifest Files\n\n\\ Getting Manifest Files\n\n| Getting Manifest Files\n\n/ Getting Manifest Files\n\n- Getting Manifest Files\n\n- Comparing MANIFEST files\n\n\\ Comparing MANIFEST files\n\n\\ Getting Manifest Files\n\n\nDeleted files:\n\tdata\\file2\n\n\n\n\n\n\n\n\n'

C:\Users\ClaudinM\lixo\a\ml-git\tests\integration\test_39_diff_command.py:66: AssertionError</failure></testcase><testcase classname="tests.integration.test_34_remote_del.RemoteDelAcceptanceTests" file="tests\integration\test_34_remote_del.py" line="124" name="test_08_push_after_remote_del" time="59.834" /><testcase classname="tests.integration.test_08_checkout_tag.CheckoutTagAcceptanceTests" file="tests\integration\test_08_checkout_tag.py" line="209" name="test_17_random_sample_with_frequency_equal_zero" time="54.262" /><testcase classname="tests.integration.test_24_api.APIAcceptanceTests" file="tests\integration\test_24_api.py" line="256" name="test_12_add_one_file" time="19.472" /><testcase classname="tests.integration.test_37_sftp_storage.SFTPAcceptanceTests" file="tests\integration\test_37_sftp_storage.py" line="115" name="test_05_push_with_fail" time="87.993" /><testcase classname="tests.integration.test_24_api.APIAcceptanceTests" file="tests\integration\test_24_api.py" line="264" name="test_13_commit_files" time="82.197" /><testcase classname="tests.integration.test_39_diff_command.DiffCommandAcceptanceTests" file="tests\integration\test_39_diff_command.py" line="69" name="test_03_diff_updated_file" time="41.907"><failure message="AssertionError: Regex didn't match: 'Updated files:\\s+data\\/file2' not found in '\n\n- Getting Manifest Files\n\n\\ Getting Manifest Files\n\n| Getting Manifest Files\n\n/ Getting Manifest Files\n\n- Getting Manifest Files\n\n- Comparing MANIFEST files\n\n\\ Comparing MANIFEST files\n\n\n\\ Getting Manifest Files\n\nUpdated files:\n\tdata\\file2\n\n\n\n\n\n\n\n\n'">self = &lt;tests.integration.test_39_diff_command.DiffCommandAcceptanceTests testMethod=test_03_diff_updated_file&gt;

    @pytest.mark.usefixtures('start_local_git_server', 'switch_to_tmp_dir')
    def test_03_diff_updated_file(self):
        self.set_up_diff(DATASETS)
        data_path = os.path.join(self.tmp_dir, DATASETS, DATASET_NAME, 'data')
        os.makedirs(data_path, exist_ok=True)
    
        create_file(data_path, 'file2', '0', '')
        check_output(MLGIT_ADD % (DATASETS, DATASET_NAME, ''))
        self.assertIn(output_messages['INFO_COMMIT_REPO'] % (
            os.path.join(self.tmp_dir, ML_GIT_DIR, DATASETS, 'metadata'), DATASET_NAME),
                      check_output(MLGIT_COMMIT % (DATASETS, DATASET_NAME, '')))
    
        with open(os.path.join(data_path, 'file2'), 'a') as file_to_update:
            file_to_update.write('updating file')
    
        check_output(MLGIT_ADD % (DATASETS, DATASET_NAME, '--bumpversion'))
    
        self.assertIn(output_messages['INFO_COMMIT_REPO'] % (
            os.path.join(self.tmp_dir, ML_GIT_DIR, DATASETS, 'metadata'), DATASET_NAME),
                      check_output(MLGIT_COMMIT % (DATASETS, DATASET_NAME, '')))
    
        output = check_output(MLGIT_DIFF % (DATASETS, DATASET_NAME, DATASET_TAG, DATASET_TAG.replace('1', '2')))
&gt;       self.assertRegex(output, r'Updated files:\s+data\/file2')
E       AssertionError: Regex didn't match: 'Updated files:\\s+data\\/file2' not found in '\n\n- Getting Manifest Files\n\n\\ Getting Manifest Files\n\n| Getting Manifest Files\n\n/ Getting Manifest Files\n\n- Getting Manifest Files\n\n- Comparing MANIFEST files\n\n\\ Comparing MANIFEST files\n\n\n\\ Getting Manifest Files\n\nUpdated files:\n\tdata\\file2\n\n\n\n\n\n\n\n\n'

C:\Users\ClaudinM\lixo\a\ml-git\tests\integration\test_39_diff_command.py:92: AssertionError</failure></testcase><testcase classname="tests.integration.test_36_gc.GcAcceptanceTests" file="tests\integration\test_36_gc.py" line="80" name="test_04_gc_repository" time="222.018" /><testcase classname="tests.integration.test_28_checkout_bare.CheckoutTagAcceptanceTests" file="tests\integration\test_28_checkout_bare.py" line="147" name="test_05_checkout_bare_in_older_tag" time="117.161" /><testcase classname="tests.integration.test_08_checkout_tag.CheckoutTagAcceptanceTests" file="tests\integration\test_08_checkout_tag.py" line="218" name="test_18_group_sample_with_group_size_parameter_equal_zero" time="45.777" /><testcase classname="tests.integration.test_39_diff_command.DiffCommandAcceptanceTests" file="tests\integration\test_39_diff_command.py" line="95" name="test_04_diff_added_files_resumed" time="43.701" /><testcase classname="tests.integration.test_33_checkout_entity.CheckoutTagAcceptanceTests" file="tests\integration\test_33_checkout_entity.py" line="136" name="test_07_checkout_without_clear_workspace" time="75.540" /><testcase classname="tests.integration.test_08_checkout_tag.CheckoutTagAcceptanceTests" file="tests\integration\test_08_checkout_tag.py" line="227" name="test_19_group_sample_with_amount_parameter_equal_zero" time="43.225" /><testcase classname="tests.integration.test_24_api.APIAcceptanceTests" file="tests\integration\test_24_api.py" line="306" name="test_14_create_entity" time="4.285" /><testcase classname="tests.integration.test_24_api.APIAcceptanceTests" file="tests\integration\test_24_api.py" line="312" name="test_15_create_entity_with_optional_arguments" time="4.134" /><testcase classname="tests.integration.test_24_api.APIAcceptanceTests" file="tests\integration\test_24_api.py" line="319" name="test_16_create_entity_with_import" time="4.354" /><testcase classname="tests.integration.test_24_api.APIAcceptanceTests" file="tests\integration\test_24_api.py" line="338" name="test_17_init_repository" time="0.009" /><testcase classname="tests.integration.test_24_api.APIAcceptanceTests" file="tests\integration\test_24_api.py" line="352" name="test_18_add_remote_dataset" time="0.046" /><testcase classname="tests.integration.test_24_api.APIAcceptanceTests" file="tests\integration\test_24_api.py" line="356" name="test_19_add_remote_labels" time="0.035" /><testcase classname="tests.integration.test_24_api.APIAcceptanceTests" file="tests\integration\test_24_api.py" line="360" name="test_20_add_remote_model" time="0.040" /><testcase classname="tests.integration.test_24_api.APIAcceptanceTests" file="tests\integration\test_24_api.py" line="364" name="test_21_add_storage" time="3.801" /><testcase classname="tests.integration.test_24_api.APIAcceptanceTests" file="tests\integration\test_24_api.py" line="375" name="test_22_add_storage_azure_type" time="0.038" /><testcase classname="tests.integration.test_24_api.APIAcceptanceTests" file="tests\integration\test_24_api.py" line="387" name="test_23_add_storage_gdrive_type" time="0.042" /><testcase classname="tests.integration.test_24_api.APIAcceptanceTests" file="tests\integration\test_24_api.py" line="408" name="test_24_init_dataset" time="0.619" /><testcase classname="tests.integration.test_24_api.APIAcceptanceTests" file="tests\integration\test_24_api.py" line="412" name="test_25_init_labels" time="0.627" /><testcase classname="tests.integration.test_39_diff_command.DiffCommandAcceptanceTests" file="tests\integration\test_39_diff_command.py" line="121" name="test_05_diff_added_files_full_option" time="42.522" /><testcase classname="tests.integration.test_24_api.APIAcceptanceTests" file="tests\integration\test_24_api.py" line="416" name="test_26_init_model" time="0.657" /><testcase classname="tests.integration.test_24_api.APIAcceptanceTests" file="tests\integration\test_24_api.py" line="420" name="test_27_create_with_invalid_entity" time="4.399" /><testcase classname="tests.integration.test_24_api.APIAcceptanceTests" file="tests\integration\test_24_api.py" line="431" name="test_28_checkout_tag_with_invalid_entity" time="41.000" /><testcase classname="tests.integration.test_08_checkout_tag.CheckoutTagAcceptanceTests" file="tests\integration\test_08_checkout_tag.py" line="236" name="test_20_model_related" time="146.946" /><testcase classname="tests.integration.test_33_checkout_entity.CheckoutTagAcceptanceTests" file="tests\integration\test_33_checkout_entity.py" line="152" name="test_08_checkout_entity_with_dir" time="51.680" /><testcase classname="tests.integration.test_39_diff_command.DiffCommandAcceptanceTests" file="tests\integration\test_39_diff_command.py" line="148" name="test_06_diff_all_blocks" time="37.818" /><testcase classname="tests.integration.test_24_api.APIAcceptanceTests" file="tests\integration\test_24_api.py" line="455" name="test_29_get_models_metrics" time="23.754" /><testcase classname="tests.integration.test_24_api.APIAcceptanceTests" file="tests\integration\test_24_api.py" line="466" name="test_30_get_models_metrics_csv" time="24.104" /><testcase classname="tests.integration.test_39_diff_command.DiffCommandAcceptanceTests" file="tests\integration\test_39_diff_command.py" line="183" name="test_07_diff_validation" time="36.292" /><testcase classname="tests.integration.test_33_checkout_entity.CheckoutTagAcceptanceTests" file="tests\integration\test_33_checkout_entity.py" line="163" name="test_09_checkout_entity_with_changed_dir" time="84.354" /><testcase classname="tests.integration.test_24_api.APIAcceptanceTests" file="tests\integration\test_24_api.py" line="477" name="test_31_checkout_with_entity_name" time="52.172" /><testcase classname="tests.integration.test_39_diff_command.DiffCommandAcceptanceTests" file="tests\integration\test_39_diff_command.py" line="209" name="test_08_diff_file_with_especial_caracter_in_name" time="33.894"><failure message="AssertionError: Regex didn't match: 'Added files:\\s+data\\/file3 - Test' not found in '\n\n- Getting Manifest Files\n\n\\ Getting Manifest Files\n\n| Getting Manifest Files\n\n/ Getting Manifest Files\n\n- Comparing MANIFEST files\n\n\\ Comparing MANIFEST files\n\n- Getting Manifest Files\n\nAdded files:\n\tdata\\file3 - Test\n\n\n\n\n\n\n\n\n'">self = &lt;tests.integration.test_39_diff_command.DiffCommandAcceptanceTests testMethod=test_08_diff_file_with_especial_caracter_in_name&gt;

    @pytest.mark.usefixtures('start_local_git_server', 'switch_to_tmp_dir')
    def test_08_diff_file_with_especial_caracter_in_name(self):
        self.set_up_diff(DATASETS)
        data_path = os.path.join(self.tmp_dir, DATASETS, DATASET_NAME, 'data')
        os.makedirs(data_path, exist_ok=True)
    
        create_file(data_path, 'file - Test', '0', '')
        create_file(data_path, 'file2 + Test', '0', '')
        check_output(MLGIT_ADD % (DATASETS, DATASET_NAME, ''))
        self.assertNotIn(ERROR_MESSAGE, check_output(MLGIT_COMMIT % (DATASETS, DATASET_NAME, '')))
    
        create_file(data_path, 'file3 - Test', 'x', '')
        check_output(MLGIT_ADD % (DATASETS, DATASET_NAME, '--bumpversion'))
        self.assertNotIn(ERROR_MESSAGE, check_output(MLGIT_COMMIT % (DATASETS, DATASET_NAME, '')))
    
        output = check_output(MLGIT_DIFF % (DATASETS, DATASET_NAME, DATASET_TAG, DATASET_TAG.replace('1', '2')))
&gt;       self.assertRegex(output, r'Added files:\s+data\/file3 - Test')
E       AssertionError: Regex didn't match: 'Added files:\\s+data\\/file3 - Test' not found in '\n\n- Getting Manifest Files\n\n\\ Getting Manifest Files\n\n| Getting Manifest Files\n\n/ Getting Manifest Files\n\n- Comparing MANIFEST files\n\n\\ Comparing MANIFEST files\n\n- Getting Manifest Files\n\nAdded files:\n\tdata\\file3 - Test\n\n\n\n\n\n\n\n\n'

C:\Users\ClaudinM\lixo\a\ml-git\tests\integration\test_39_diff_command.py:226: AssertionError</failure></testcase><testcase classname="tests.integration.test_36_gc.GcAcceptanceTests" file="tests\integration\test_36_gc.py" line="92" name="test_05_gc_deleted_entity" time="130.303" /><testcase classname="tests.integration.test_24_api.APIAcceptanceTests" file="tests\integration\test_24_api.py" line="486" name="test_32_add_storage_with_region" time="0.035" /><testcase classname="tests.integration.test_24_api.APIAcceptanceTests" file="tests\integration\test_24_api.py" line="496" name="test_33_local_get_entities" time="44.992" /><testcase classname="tests.integration.test_39_diff_command.DiffCommandAcceptanceTests" file="tests\integration\test_39_diff_command.py" line="229" name="test_09_change_file_to_previous_value" time="33.429"><failure message="AssertionError: Regex didn't match: 'Updated files:\\s+data\\/file3' not found in '\n\n- Getting Manifest Files\n\n\\ Getting Manifest Files\n\n| Getting Manifest Files\n\n/ Getting Manifest Files\n\n- Comparing MANIFEST files\n\n\\ Comparing MANIFEST files\n\n- Getting Manifest Files\n\n\nUpdated files:\n\tdata\\file3\n\n\n\n\n\n\n\n\n'">self = &lt;tests.integration.test_39_diff_command.DiffCommandAcceptanceTests testMethod=test_09_change_file_to_previous_value&gt;

    @pytest.mark.usefixtures('start_local_git_server', 'switch_to_tmp_dir')
    def test_09_change_file_to_previous_value(self):
        self.set_up_diff(DATASETS)
        data_path = os.path.join(self.tmp_dir, DATASETS, DATASET_NAME, 'data')
        os.makedirs(data_path, exist_ok=True)
    
        create_file(data_path, 'file1', '0', '')
        create_file(data_path, 'file2', '0', '')
        create_file(data_path, 'file3', '1', '')
        self.assertNotIn(ERROR_MESSAGE, check_output(MLGIT_ADD % (DATASETS, DATASET_NAME, '')))
        self.assertNotIn(ERROR_MESSAGE, check_output(MLGIT_COMMIT % (DATASETS, DATASET_NAME, '')))
        with open(os.path.join(data_path, 'file3'), 'a') as file_to_update:
            file_to_update.write('0' * 2048)
        check_output(MLGIT_ADD % (DATASETS, DATASET_NAME, '--bumpversion'))
        self.assertNotIn(ERROR_MESSAGE, check_output(MLGIT_COMMIT % (DATASETS, DATASET_NAME, '')))
        output = check_output(MLGIT_DIFF % (DATASETS, DATASET_NAME, DATASET_TAG, DATASET_TAG.replace('1', '2')))
&gt;       self.assertRegex(output, r'Updated files:\s+data\/file3')
E       AssertionError: Regex didn't match: 'Updated files:\\s+data\\/file3' not found in '\n\n- Getting Manifest Files\n\n\\ Getting Manifest Files\n\n| Getting Manifest Files\n\n/ Getting Manifest Files\n\n- Comparing MANIFEST files\n\n\\ Comparing MANIFEST files\n\n- Getting Manifest Files\n\n\nUpdated files:\n\tdata\\file3\n\n\n\n\n\n\n\n\n'

C:\Users\ClaudinM\lixo\a\ml-git\tests\integration\test_39_diff_command.py:246: AssertionError</failure></testcase><testcase classname="tests.integration.test_08_checkout_tag.CheckoutTagAcceptanceTests" file="tests\integration\test_08_checkout_tag.py" line="317" name="test_21_check_error_for_checkout_sample_with_labels" time="36.678" /><testcase classname="tests.integration.test_33_checkout_entity.CheckoutTagAcceptanceTests" file="tests\integration\test_33_checkout_entity.py" line="188" name="test_10_checkout_with_unsaved_work" time="41.951" /><testcase classname="tests.integration.test_24_api.APIAcceptanceTests" file="tests\integration\test_24_api.py" line="541" name="test_34_local_get_entity_versions" time="19.998" /><testcase classname="tests.integration.test_08_checkout_tag.CheckoutTagAcceptanceTests" file="tests\integration\test_08_checkout_tag.py" line="326" name="test_22_check_error_for_checkout_sample_with_model" time="35.370" /><testcase classname="tests.integration.test_24_api.APIAcceptanceTests" file="tests\integration\test_24_api.py" line="610" name="test_35_local_get_linked_entities" time="44.177" /><testcase classname="tests.integration.test_33_checkout_entity.CheckoutTagAcceptanceTests" file="tests\integration\test_33_checkout_entity.py" line="207" name="test_11_checkout_with_unsaved_work_and_full_option" time="40.770" /><testcase classname="tests.integration.test_08_checkout_tag.CheckoutTagAcceptanceTests" file="tests\integration\test_08_checkout_tag.py" line="335" name="test_23_add_after_checkout_with_sample" time="47.851" /><testcase classname="tests.integration.test_24_api.APIAcceptanceTests" file="tests\integration\test_24_api.py" line="627" name="test_36_local_get_entity_relationships" time="42.221" /><testcase classname="tests.integration.test_36_gc.GcAcceptanceTests" file="tests\integration\test_36_gc.py" line="103" name="test_06_gc_without_entity_initialized" time="5.960" /><testcase classname="tests.integration.test_36_gc.GcAcceptanceTests" file="tests\integration\test_36_gc.py" line="108" name="test_07_gc_basic_flow" time="94.404" /><testcase classname="tests.integration.test_08_checkout_tag.CheckoutTagAcceptanceTests" file="tests\integration\test_08_checkout_tag.py" line="346" name="test_24_check_sampling_flag_after_checkout" time="87.991" /><testcase classname="tests.integration.test_24_api.APIAcceptanceTests" file="tests\integration\test_24_api.py" line="644" name="test_37_local_get_project_entities_relationships" time="44.001" /><testcase classname="tests.integration.test_24_api.APIAcceptanceTests" file="tests\integration\test_24_api.py" line="668" name="test_38_local_export_graph" time="42.969" /><testcase classname="tests.integration.test_08_checkout_tag.CheckoutTagAcceptanceTests" file="tests\integration\test_08_checkout_tag.py" line="362" name="test_25_checkout_tag_with_main_branch" time="41.693" /><testcase classname="tests.integration.test_24_api.APIAcceptanceTests" file="tests\integration\test_24_api.py" line="696" name="test_39_local_export_graph_without_entities" time="0.037" /><testcase classname="tests.integration.test_24_api.APIAcceptanceTests" file="tests\integration\test_24_api.py" line="708" name="test_40_local_export_graph_without_relationships" time="13.621" /><testcase classname="tests.integration.test_24_api.APIAcceptanceTests" file="tests\integration\test_24_api.py" line="722" name="test_41_local_export_graph_empty_remote" time="4.302" /><testcase classname="tests.integration.test_24_api.APIAcceptanceTests" file="tests\integration\test_24_api.py" line="731" name="test_42_graph_order_by_version_number" time="20.815" /><testcase classname="tests.integration.test_08_checkout_tag.CheckoutTagAcceptanceTests" file="tests\integration\test_08_checkout_tag.py" line="372" name="test_26_adding_data_based_in_older_tag" time="94.220" /><testcase classname="tests.integration.test_24_api.APIAcceptanceTests" file="tests\integration\test_24_api.py" line="752" name="test_43_using_api_class_without_path" time="0.007" /><testcase classname="tests.integration.test_24_api.APIAcceptanceTests" file="tests\integration\test_24_api.py" line="761" name="test_44_working_with_two_projects" time="0.022" /><testcase classname="tests.integration.test_08_checkout_tag.CheckoutTagAcceptanceTests" file="tests\integration\test_08_checkout_tag.py" line="402" name="test_27_checkout_tag_with_fail_limit" time="38.708" /><testcase classname="tests.integration.test_08_checkout_tag.CheckoutTagAcceptanceTests" file="tests\integration\test_08_checkout_tag.py" line="413" name="test_28_checkout_entity_with_ignore_file" time="38.709" /></testsuite></testsuites>